DEB [20180225-11:57:29.302] thr=1   paramiko.transport: starting thread (client mode): 0x563b3d0L
DEB [20180225-11:57:29.318] thr=1   paramiko.transport: Local version/idstring: SSH-2.0-paramiko_2.4.0
DEB [20180225-11:57:29.352] thr=1   paramiko.transport: Remote version/idstring: SSH-2.0-OpenSSH_6.6.1
INF [20180225-11:57:29.352] thr=1   paramiko.transport: Connected (version 2.0, client OpenSSH_6.6.1)
DEB [20180225-11:57:29.371] thr=1   paramiko.transport: kex algos:[u'curve25519-sha256@libssh.org', u'ecdh-sha2-nistp256', u'ecdh-sha2-nistp384', u'ecdh-sha2-nistp521', u'diffie-hellman-group-exchange-sha256', u'diffie-hellman-group-exchange-sha1', u'diffie-hellman-group14-sha1', u'diffie-hellman-group1-sha1'] server key:[u'ssh-rsa', u'ecdsa-sha2-nistp256', u'ssh-ed25519'] client encrypt:[u'aes128-ctr', u'aes192-ctr', u'aes256-ctr', u'arcfour256', u'arcfour128', u'aes128-gcm@openssh.com', u'aes256-gcm@openssh.com', u'chacha20-poly1305@openssh.com', u'aes128-cbc', u'3des-cbc', u'blowfish-cbc', u'cast128-cbc', u'aes192-cbc', u'aes256-cbc', u'arcfour', u'rijndael-cbc@lysator.liu.se'] server encrypt:[u'aes128-ctr', u'aes192-ctr', u'aes256-ctr', u'arcfour256', u'arcfour128', u'aes128-gcm@openssh.com', u'aes256-gcm@openssh.com', u'chacha20-poly1305@openssh.com', u'aes128-cbc', u'3des-cbc', u'blowfish-cbc', u'cast128-cbc', u'aes192-cbc', u'aes256-cbc', u'arcfour', u'rijndael-cbc@lysator.liu.se'] client mac:[u'hmac-md5-etm@openssh.com', u'hmac-sha1-etm@openssh.com', u'umac-64-etm@openssh.com', u'umac-128-etm@openssh.com', u'hmac-sha2-256-etm@openssh.com', u'hmac-sha2-512-etm@openssh.com', u'hmac-ripemd160-etm@openssh.com', u'hmac-sha1-96-etm@openssh.com', u'hmac-md5-96-etm@openssh.com', u'hmac-md5', u'hmac-sha1', u'umac-64@openssh.com', u'umac-128@openssh.com', u'hmac-sha2-256', u'hmac-sha2-512', u'hmac-ripemd160', u'hmac-ripemd160@openssh.com', u'hmac-sha1-96', u'hmac-md5-96'] server mac:[u'hmac-md5-etm@openssh.com', u'hmac-sha1-etm@openssh.com', u'umac-64-etm@openssh.com', u'umac-128-etm@openssh.com', u'hmac-sha2-256-etm@openssh.com', u'hmac-sha2-512-etm@openssh.com', u'hmac-ripemd160-etm@openssh.com', u'hmac-sha1-96-etm@openssh.com', u'hmac-md5-96-etm@openssh.com', u'hmac-md5', u'hmac-sha1', u'umac-64@openssh.com', u'umac-128@openssh.com', u'hmac-sha2-256', u'hmac-sha2-512', u'hmac-ripemd160', u'hmac-ripemd160@openssh.com', u'hmac-sha1-96', u'hmac-md5-96'] client compress:[u'none', u'zlib@openssh.com'] server compress:[u'none', u'zlib@openssh.com'] client lang:[u''] server lang:[u''] kex follows?False
DEB [20180225-11:57:29.371] thr=1   paramiko.transport: Kex agreed: ecdh-sha2-nistp256
DEB [20180225-11:57:29.371] thr=1   paramiko.transport: HostKey agreed: ssh-ed25519
DEB [20180225-11:57:29.371] thr=1   paramiko.transport: Cipher agreed: aes128-ctr
DEB [20180225-11:57:29.371] thr=1   paramiko.transport: MAC agreed: hmac-sha2-256
DEB [20180225-11:57:29.371] thr=1   paramiko.transport: Compression agreed: none
DEB [20180225-11:57:30.055] thr=1   paramiko.transport: kex engine KexNistp256 specified hash_algo <built-in function openssl_sha256>
DEB [20180225-11:57:30.055] thr=1   paramiko.transport: Switch to new keys ...
DEB [20180225-11:58:50.184] thr=1   paramiko.transport: starting thread (client mode): 0x58e63f0L
DEB [20180225-11:58:50.184] thr=1   paramiko.transport: Local version/idstring: SSH-2.0-paramiko_2.4.0
DEB [20180225-11:58:50.220] thr=1   paramiko.transport: Remote version/idstring: SSH-2.0-OpenSSH_6.6.1
INF [20180225-11:58:50.220] thr=1   paramiko.transport: Connected (version 2.0, client OpenSSH_6.6.1)
DEB [20180225-11:58:50.253] thr=1   paramiko.transport: kex algos:[u'curve25519-sha256@libssh.org', u'ecdh-sha2-nistp256', u'ecdh-sha2-nistp384', u'ecdh-sha2-nistp521', u'diffie-hellman-group-exchange-sha256', u'diffie-hellman-group-exchange-sha1', u'diffie-hellman-group14-sha1', u'diffie-hellman-group1-sha1'] server key:[u'ssh-rsa', u'ecdsa-sha2-nistp256', u'ssh-ed25519'] client encrypt:[u'aes128-ctr', u'aes192-ctr', u'aes256-ctr', u'arcfour256', u'arcfour128', u'aes128-gcm@openssh.com', u'aes256-gcm@openssh.com', u'chacha20-poly1305@openssh.com', u'aes128-cbc', u'3des-cbc', u'blowfish-cbc', u'cast128-cbc', u'aes192-cbc', u'aes256-cbc', u'arcfour', u'rijndael-cbc@lysator.liu.se'] server encrypt:[u'aes128-ctr', u'aes192-ctr', u'aes256-ctr', u'arcfour256', u'arcfour128', u'aes128-gcm@openssh.com', u'aes256-gcm@openssh.com', u'chacha20-poly1305@openssh.com', u'aes128-cbc', u'3des-cbc', u'blowfish-cbc', u'cast128-cbc', u'aes192-cbc', u'aes256-cbc', u'arcfour', u'rijndael-cbc@lysator.liu.se'] client mac:[u'hmac-md5-etm@openssh.com', u'hmac-sha1-etm@openssh.com', u'umac-64-etm@openssh.com', u'umac-128-etm@openssh.com', u'hmac-sha2-256-etm@openssh.com', u'hmac-sha2-512-etm@openssh.com', u'hmac-ripemd160-etm@openssh.com', u'hmac-sha1-96-etm@openssh.com', u'hmac-md5-96-etm@openssh.com', u'hmac-md5', u'hmac-sha1', u'umac-64@openssh.com', u'umac-128@openssh.com', u'hmac-sha2-256', u'hmac-sha2-512', u'hmac-ripemd160', u'hmac-ripemd160@openssh.com', u'hmac-sha1-96', u'hmac-md5-96'] server mac:[u'hmac-md5-etm@openssh.com', u'hmac-sha1-etm@openssh.com', u'umac-64-etm@openssh.com', u'umac-128-etm@openssh.com', u'hmac-sha2-256-etm@openssh.com', u'hmac-sha2-512-etm@openssh.com', u'hmac-ripemd160-etm@openssh.com', u'hmac-sha1-96-etm@openssh.com', u'hmac-md5-96-etm@openssh.com', u'hmac-md5', u'hmac-sha1', u'umac-64@openssh.com', u'umac-128@openssh.com', u'hmac-sha2-256', u'hmac-sha2-512', u'hmac-ripemd160', u'hmac-ripemd160@openssh.com', u'hmac-sha1-96', u'hmac-md5-96'] client compress:[u'none', u'zlib@openssh.com'] server compress:[u'none', u'zlib@openssh.com'] client lang:[u''] server lang:[u''] kex follows?False
DEB [20180225-11:58:50.253] thr=1   paramiko.transport: Kex agreed: ecdh-sha2-nistp256
DEB [20180225-11:58:50.253] thr=1   paramiko.transport: HostKey agreed: ssh-ed25519
DEB [20180225-11:58:50.253] thr=1   paramiko.transport: Cipher agreed: aes128-ctr
DEB [20180225-11:58:50.253] thr=1   paramiko.transport: MAC agreed: hmac-sha2-256
DEB [20180225-11:58:50.253] thr=1   paramiko.transport: Compression agreed: none
DEB [20180225-11:58:50.352] thr=1   paramiko.transport: kex engine KexNistp256 specified hash_algo <built-in function openssl_sha256>
DEB [20180225-11:58:50.352] thr=1   paramiko.transport: Switch to new keys ...
DEB [20180225-11:58:57.921] thr=1   paramiko.transport: userauth is OK
INF [20180225-11:58:57.987] thr=1   paramiko.transport: Authentication (password) successful!
DEB [20180225-11:58:57.987] thr=2   paramiko.transport: [chan 0] Max packet in: 32768 bytes
DEB [20180225-11:58:58.187] thr=1   paramiko.transport: [chan 0] Max packet out: 32768 bytes
DEB [20180225-11:58:58.187] thr=1   paramiko.transport: Secsh channel 0 opened.
DEB [20180225-11:58:58.226] thr=1   paramiko.transport: [chan 0] Sesch channel 0 request ok
DEB [20180225-11:58:58.242] thr=1   paramiko.transport: [chan 0] Sesch channel 0 request ok
DEB [20180225-11:58:58.242] thr=1   paramiko.transport: EOF in transport thread
DEB [20180225-11:59:26.233] thr=1   paramiko.transport: starting thread (client mode): 0x5d3f3f0L
DEB [20180225-11:59:26.233] thr=1   paramiko.transport: Local version/idstring: SSH-2.0-paramiko_2.4.0
DEB [20180225-11:59:26.279] thr=1   paramiko.transport: Remote version/idstring: SSH-2.0-OpenSSH_6.6.1
INF [20180225-11:59:26.279] thr=1   paramiko.transport: Connected (version 2.0, client OpenSSH_6.6.1)
DEB [20180225-11:59:26.295] thr=1   paramiko.transport: kex algos:[u'curve25519-sha256@libssh.org', u'ecdh-sha2-nistp256', u'ecdh-sha2-nistp384', u'ecdh-sha2-nistp521', u'diffie-hellman-group-exchange-sha256', u'diffie-hellman-group-exchange-sha1', u'diffie-hellman-group14-sha1', u'diffie-hellman-group1-sha1'] server key:[u'ssh-rsa', u'ecdsa-sha2-nistp256', u'ssh-ed25519'] client encrypt:[u'aes128-ctr', u'aes192-ctr', u'aes256-ctr', u'arcfour256', u'arcfour128', u'aes128-gcm@openssh.com', u'aes256-gcm@openssh.com', u'chacha20-poly1305@openssh.com', u'aes128-cbc', u'3des-cbc', u'blowfish-cbc', u'cast128-cbc', u'aes192-cbc', u'aes256-cbc', u'arcfour', u'rijndael-cbc@lysator.liu.se'] server encrypt:[u'aes128-ctr', u'aes192-ctr', u'aes256-ctr', u'arcfour256', u'arcfour128', u'aes128-gcm@openssh.com', u'aes256-gcm@openssh.com', u'chacha20-poly1305@openssh.com', u'aes128-cbc', u'3des-cbc', u'blowfish-cbc', u'cast128-cbc', u'aes192-cbc', u'aes256-cbc', u'arcfour', u'rijndael-cbc@lysator.liu.se'] client mac:[u'hmac-md5-etm@openssh.com', u'hmac-sha1-etm@openssh.com', u'umac-64-etm@openssh.com', u'umac-128-etm@openssh.com', u'hmac-sha2-256-etm@openssh.com', u'hmac-sha2-512-etm@openssh.com', u'hmac-ripemd160-etm@openssh.com', u'hmac-sha1-96-etm@openssh.com', u'hmac-md5-96-etm@openssh.com', u'hmac-md5', u'hmac-sha1', u'umac-64@openssh.com', u'umac-128@openssh.com', u'hmac-sha2-256', u'hmac-sha2-512', u'hmac-ripemd160', u'hmac-ripemd160@openssh.com', u'hmac-sha1-96', u'hmac-md5-96'] server mac:[u'hmac-md5-etm@openssh.com', u'hmac-sha1-etm@openssh.com', u'umac-64-etm@openssh.com', u'umac-128-etm@openssh.com', u'hmac-sha2-256-etm@openssh.com', u'hmac-sha2-512-etm@openssh.com', u'hmac-ripemd160-etm@openssh.com', u'hmac-sha1-96-etm@openssh.com', u'hmac-md5-96-etm@openssh.com', u'hmac-md5', u'hmac-sha1', u'umac-64@openssh.com', u'umac-128@openssh.com', u'hmac-sha2-256', u'hmac-sha2-512', u'hmac-ripemd160', u'hmac-ripemd160@openssh.com', u'hmac-sha1-96', u'hmac-md5-96'] client compress:[u'none', u'zlib@openssh.com'] server compress:[u'none', u'zlib@openssh.com'] client lang:[u''] server lang:[u''] kex follows?False
DEB [20180225-11:59:26.295] thr=1   paramiko.transport: Kex agreed: ecdh-sha2-nistp256
DEB [20180225-11:59:26.295] thr=1   paramiko.transport: HostKey agreed: ssh-ed25519
DEB [20180225-11:59:26.295] thr=1   paramiko.transport: Cipher agreed: aes128-ctr
DEB [20180225-11:59:26.311] thr=1   paramiko.transport: MAC agreed: hmac-sha2-256
DEB [20180225-11:59:26.311] thr=1   paramiko.transport: Compression agreed: none
DEB [20180225-11:59:26.415] thr=1   paramiko.transport: kex engine KexNistp256 specified hash_algo <built-in function openssl_sha256>
DEB [20180225-11:59:26.415] thr=1   paramiko.transport: Switch to new keys ...
DEB [20180225-11:59:34.917] thr=1   paramiko.transport: userauth is OK
INF [20180225-11:59:34.986] thr=1   paramiko.transport: Authentication (password) successful!
DEB [20180225-11:59:35.003] thr=2   paramiko.transport: [chan 0] Max packet in: 32768 bytes
DEB [20180225-11:59:35.171] thr=1   paramiko.transport: [chan 0] Max packet out: 32768 bytes
DEB [20180225-11:59:35.171] thr=1   paramiko.transport: Secsh channel 0 opened.
DEB [20180225-11:59:35.223] thr=1   paramiko.transport: [chan 0] Sesch channel 0 request ok
DEB [20180225-11:59:35.240] thr=1   paramiko.transport: [chan 0] Sesch channel 0 request ok
DEB [20180225-11:59:35.240] thr=2   paramiko.transport: [chan 0] EOF sent (0)
DEB [20180225-11:59:35.256] thr=1   paramiko.transport: EOF in transport thread
